{
  "stats": {
    "suites": 1,
    "tests": 1,
    "passes": 1,
    "pending": 0,
    "failures": 0,
    "start": "2023-01-12T18:11:33.000Z",
    "end": "2023-01-12T18:11:33.044Z",
    "duration": 44,
    "testsRegistered": 1,
    "passPercent": 100,
    "pendingPercent": 0,
    "other": 0,
    "hasOther": false,
    "skipped": 0,
    "hasSkipped": false
  },
  "results": [
    {
      "uuid": "3c3a0f16-759f-4c7b-8f7d-a908c7f96515",
      "title": "",
      "fullFile": "",
      "file": "",
      "beforeHooks": [],
      "afterHooks": [],
      "tests": [],
      "suites": [
        {
          "uuid": "cd996ad6-8d80-41f1-8de2-de444271b868",
          "title": "/Test the home route",
          "fullFile": "C:\\Users\\Pavan Kulkarni\\Desktop\\youtube-subs-alma\\__tests__\\controller.test.js",
          "file": "\\__tests__\\controller.test.js",
          "beforeHooks": [],
          "afterHooks": [],
          "tests": [
            {
              "title": "should get default API home route..",
              "fullTitle": "/Test the home route should get default API home route..",
              "timedOut": false,
              "duration": 35,
              "state": "passed",
              "speed": "fast",
              "pass": true,
              "fail": false,
              "pending": false,
              "context": null,
              "code": "chai\n.request(server)\n.get(\"/\")\n.end((err, res) => {\n  res.should.have.status(200);\n  res.body.should.be.a(\"object\");\n  const greetMsg = res.body.greeting;\n  expect(greetMsg).to.be.equal('Hello, i am Pavan Kulkarni, this is a backend API to get Youtube Subscribers');   \n  done();\n});",
              "err": {},
              "uuid": "909a3b8e-bca6-4cb8-80b9-dfe96c857745",
              "parentUUID": "cd996ad6-8d80-41f1-8de2-de444271b868",
              "isHook": false,
              "skipped": false
            }
          ],
          "suites": [],
          "passes": [
            "909a3b8e-bca6-4cb8-80b9-dfe96c857745"
          ],
          "failures": [],
          "pending": [],
          "skipped": [],
          "duration": 35,
          "root": false,
          "rootEmpty": false,
          "_timeout": 60000
        }
      ],
      "passes": [],
      "failures": [],
      "pending": [],
      "skipped": [],
      "duration": 0,
      "root": true,
      "rootEmpty": true,
      "_timeout": 60000
    }
  ],
  "meta": {
    "mocha": {
      "version": "8.2.1"
    },
    "mochawesome": {
      "options": {
        "quiet": false,
        "reportFilename": "mochawesome",
        "saveHtml": true,
        "saveJson": true,
        "consoleReporter": "spec",
        "useInlineDiffs": false,
        "code": true
      },
      "version": "6.1.1"
    },
    "marge": {
      "options": null,
      "version": "5.1.0"
    }
  }
}